[2024-02-29 10:01:39] local.INFO: Página cadastrado. {"id":29,"action_user_id":1} 
[2024-02-29 10:01:39] local.WARNING: Permissão não cadastrada com sucesso. {"error":"Route [permission.index] not defined."} 
[2024-02-29 10:02:04] local.INFO: Página cadastrado. {"id":30,"action_user_id":1} 
[2024-02-29 10:02:04] local.INFO: Listar Permissões {"action_user_id":1} 
[2024-02-29 10:06:46] local.INFO: Listar Permissões {"action_user_id":1} 
[2024-02-29 10:06:52] local.INFO: Permissão cadastrado com sucesso. {"id":41,"action_user_id":1} 
[2024-02-29 10:06:52] local.INFO: Listar Permissões {"action_user_id":1} 
[2024-02-29 10:15:16] local.INFO: Listar Permissões {"action_user_id":1} 
[2024-02-29 10:15:19] local.INFO: Permissão excluída. {"id":41,"action_user_id":1} 
[2024-02-29 10:16:26] local.INFO: Listar Permissões {"action_user_id":1} 
[2024-02-29 10:16:34] local.INFO: Permissão cadastrado com sucesso. {"id":42,"action_user_id":1} 
[2024-02-29 10:16:34] local.INFO: Listar Permissões {"action_user_id":1} 
[2024-02-29 10:16:37] local.INFO: Listar Permissões {"action_user_id":1} 
[2024-02-29 10:16:39] local.INFO: Permissão excluída. {"id":42,"action_user_id":1} 
[2024-02-29 10:16:40] local.INFO: Listar Permissões {"action_user_id":1} 
[2024-02-29 10:16:47] local.INFO: Permissão cadastrado com sucesso. {"id":43,"action_user_id":1} 
[2024-02-29 10:16:47] local.INFO: Listar Permissões {"action_user_id":1} 
[2024-02-29 10:16:50] local.INFO: Listar tipos de usuários {"action_user_id":1} 
[2024-02-29 10:16:54] local.INFO: Listar permissões do tipo de usuário. {"papel_id":4,"action_user_id":1} 
[2024-02-29 10:16:57] local.INFO: Liberar permissão para o tipo de usuário. {"action_user_id":1,"permissao":null} 
[2024-02-29 10:16:58] local.INFO: Listar permissões do tipo de usuário. {"papel_id":4,"action_user_id":1} 
[2024-02-29 10:17:06] local.INFO: Listar Permissões {"action_user_id":1} 
[2024-02-29 10:17:08] local.INFO: Listar Permissões {"action_user_id":1} 
[2024-02-29 10:17:11] local.INFO: Permissão excluída. {"id":43,"action_user_id":1} 
[2024-02-29 10:17:12] local.INFO: Listar Permissões {"action_user_id":1} 
[2024-02-29 10:17:15] local.INFO: Listar Permissões {"action_user_id":1} 
[2024-02-29 10:25:08] local.INFO: Listar Permissões {"action_user_id":1} 
[2024-02-29 10:25:23] local.INFO: Listar Permissões {"action_user_id":1} 
[2024-02-29 10:25:32] local.INFO: Listar Permissões {"action_user_id":1} 
[2024-02-29 10:25:34] local.INFO: Listar Permissões {"action_user_id":1} 
[2024-02-29 10:25:42] local.INFO: Listar Permissões {"action_user_id":1} 
[2024-02-29 10:26:23] local.INFO: Listar Permissões {"action_user_id":1} 
[2024-02-29 10:26:27] local.INFO: Listar tipos de usuários {"action_user_id":1} 
[2024-02-29 10:26:40] local.INFO: Listar tipos de usuários {"action_user_id":1} 
[2024-02-29 10:26:44] local.INFO: Listar tipos de usuários {"action_user_id":1} 
[2024-02-29 10:26:47] local.INFO: Listar Permissões {"action_user_id":1} 
[2024-02-29 10:26:54] local.INFO: Listar Permissões {"action_user_id":1} 
[2024-02-29 10:27:04] local.INFO: Listar Permissões {"action_user_id":1} 
[2024-02-29 10:27:10] local.INFO: Permissão cadastrado com sucesso. {"id":44,"action_user_id":1} 
[2024-02-29 10:27:10] local.INFO: Listar Permissões {"action_user_id":1} 
[2024-02-29 10:28:49] local.INFO: Listar tipos de usuários {"action_user_id":1} 
[2024-02-29 10:28:51] local.INFO: Listar permissões do tipo de usuário. {"papel_id":4,"action_user_id":1} 
[2024-02-29 10:28:55] local.INFO: Liberar permissão para o tipo de usuário. {"action_user_id":1,"permissao":null} 
[2024-02-29 10:28:55] local.INFO: Listar permissões do tipo de usuário. {"papel_id":4,"action_user_id":1} 
[2024-02-29 10:29:16] local.INFO: Listar Permissões {"action_user_id":1} 
[2024-02-29 10:29:17] local.INFO: Listar Permissões {"action_user_id":1} 
[2024-02-29 10:29:20] local.INFO: Permissão excluída. {"id":44,"action_user_id":1} 
[2024-02-29 10:29:21] local.INFO: Listar Permissões {"action_user_id":1} 
[2024-02-29 10:29:34] local.INFO: Listar tipos de usuários {"action_user_id":1} 
[2024-02-29 10:32:25] local.INFO: Listar tipos de usuários {"action_user_id":1} 
[2024-02-29 10:32:46] local.INFO: Listar tipos de usuários {"action_user_id":1} 
[2024-02-29 10:33:36] local.INFO: Listar tipos de usuários {"action_user_id":1} 
[2024-02-29 10:33:38] local.INFO: Listar tipos de usuários {"action_user_id":1} 
[2024-02-29 10:33:41] local.INFO: Listar tipos de usuários {"action_user_id":1} 
[2024-02-29 10:33:41] local.INFO: Listar tipos de usuários {"action_user_id":1} 
[2024-02-29 10:33:42] local.INFO: Listar tipos de usuários {"action_user_id":1} 
[2024-02-29 10:34:05] local.INFO: Listar tipos de usuários {"action_user_id":1} 
[2024-02-29 10:35:12] local.INFO: Listar tipos de usuários {"action_user_id":1} 
[2024-02-29 10:35:17] local.ERROR: Method App\Http\Controllers\RoleController::destroy does not exist. {"userId":1,"exception":"[object] (BadMethodCallException(code: 0): Method App\\Http\\Controllers\\RoleController::destroy does not exist. at C:\\wamp64\\www\\laravel\\aula01\\vendor\\laravel\\framework\\src\\Illuminate\\Routing\\Controller.php:68)
[stacktrace]
#0 C:\\wamp64\\www\\laravel\\aula01\\vendor\\laravel\\framework\\src\\Illuminate\\Routing\\Controller.php(54): Illuminate\\Routing\\Controller->__call('destroy', Array)
#1 C:\\wamp64\\www\\laravel\\aula01\\vendor\\laravel\\framework\\src\\Illuminate\\Routing\\ControllerDispatcher.php(43): Illuminate\\Routing\\Controller->callAction('destroy', Array)
#2 C:\\wamp64\\www\\laravel\\aula01\\vendor\\laravel\\framework\\src\\Illuminate\\Routing\\Route.php(259): Illuminate\\Routing\\ControllerDispatcher->dispatch(Object(Illuminate\\Routing\\Route), Object(App\\Http\\Controllers\\RoleController), 'destroy')
#3 C:\\wamp64\\www\\laravel\\aula01\\vendor\\laravel\\framework\\src\\Illuminate\\Routing\\Route.php(205): Illuminate\\Routing\\Route->runController()
#4 C:\\wamp64\\www\\laravel\\aula01\\vendor\\laravel\\framework\\src\\Illuminate\\Routing\\Router.php(799): Illuminate\\Routing\\Route->run()
#5 C:\\wamp64\\www\\laravel\\aula01\\vendor\\laravel\\framework\\src\\Illuminate\\Pipeline\\Pipeline.php(141): Illuminate\\Routing\\Router->Illuminate\\Routing\\{closure}(Object(Illuminate\\Http\\Request))
#6 C:\\wamp64\\www\\laravel\\aula01\\vendor\\laravel\\framework\\src\\Illuminate\\Routing\\Middleware\\SubstituteBindings.php(50): Illuminate\\Pipeline\\Pipeline->Illuminate\\Pipeline\\{closure}(Object(Illuminate\\Http\\Request))
#7 C:\\wamp64\\www\\laravel\\aula01\\vendor\\laravel\\framework\\src\\Illuminate\\Pipeline\\Pipeline.php(180): Illuminate\\Routing\\Middleware\\SubstituteBindings->handle(Object(Illuminate\\Http\\Request), Object(Closure))
#8 C:\\wamp64\\www\\laravel\\aula01\\vendor\\laravel\\framework\\src\\Illuminate\\Auth\\Middleware\\Authenticate.php(57): Illuminate\\Pipeline\\Pipeline->Illuminate\\Pipeline\\{closure}(Object(Illuminate\\Http\\Request))
#9 C:\\wamp64\\www\\laravel\\aula01\\vendor\\laravel\\framework\\src\\Illuminate\\Pipeline\\Pipeline.php(180): Illuminate\\Auth\\Middleware\\Authenticate->handle(Object(Illuminate\\Http\\Request), Object(Closure))
#10 C:\\wamp64\\www\\laravel\\aula01\\vendor\\laravel\\framework\\src\\Illuminate\\Foundation\\Http\\Middleware\\VerifyCsrfToken.php(78): Illuminate\\Pipeline\\Pipeline->Illuminate\\Pipeline\\{closure}(Object(Illuminate\\Http\\Request))
#11 C:\\wamp64\\www\\laravel\\aula01\\vendor\\laravel\\framework\\src\\Illuminate\\Pipeline\\Pipeline.php(180): Illuminate\\Foundation\\Http\\Middleware\\VerifyCsrfToken->handle(Object(Illuminate\\Http\\Request), Object(Closure))
#12 C:\\wamp64\\www\\laravel\\aula01\\vendor\\laravel\\framework\\src\\Illuminate\\View\\Middleware\\ShareErrorsFromSession.php(49): Illuminate\\Pipeline\\Pipeline->Illuminate\\Pipeline\\{closure}(Object(Illuminate\\Http\\Request))
#13 C:\\wamp64\\www\\laravel\\aula01\\vendor\\laravel\\framework\\src\\Illuminate\\Pipeline\\Pipeline.php(180): Illuminate\\View\\Middleware\\ShareErrorsFromSession->handle(Object(Illuminate\\Http\\Request), Object(Closure))
#14 C:\\wamp64\\www\\laravel\\aula01\\vendor\\laravel\\framework\\src\\Illuminate\\Session\\Middleware\\StartSession.php(121): Illuminate\\Pipeline\\Pipeline->Illuminate\\Pipeline\\{closure}(Object(Illuminate\\Http\\Request))
#15 C:\\wamp64\\www\\laravel\\aula01\\vendor\\laravel\\framework\\src\\Illuminate\\Session\\Middleware\\StartSession.php(64): Illuminate\\Session\\Middleware\\StartSession->handleStatefulRequest(Object(Illuminate\\Http\\Request), Object(Illuminate\\Session\\Store), Object(Closure))
#16 C:\\wamp64\\www\\laravel\\aula01\\vendor\\laravel\\framework\\src\\Illuminate\\Pipeline\\Pipeline.php(180): Illuminate\\Session\\Middleware\\StartSession->handle(Object(Illuminate\\Http\\Request), Object(Closure))
#17 C:\\wamp64\\www\\laravel\\aula01\\vendor\\laravel\\framework\\src\\Illuminate\\Cookie\\Middleware\\AddQueuedCookiesToResponse.php(37): Illuminate\\Pipeline\\Pipeline->Illuminate\\Pipeline\\{closure}(Object(Illuminate\\Http\\Request))
#18 C:\\wamp64\\www\\laravel\\aula01\\vendor\\laravel\\framework\\src\\Illuminate\\Pipeline\\Pipeline.php(180): Illuminate\\Cookie\\Middleware\\AddQueuedCookiesToResponse->handle(Object(Illuminate\\Http\\Request), Object(Closure))
#19 C:\\wamp64\\www\\laravel\\aula01\\vendor\\laravel\\framework\\src\\Illuminate\\Cookie\\Middleware\\EncryptCookies.php(67): Illuminate\\Pipeline\\Pipeline->Illuminate\\Pipeline\\{closure}(Object(Illuminate\\Http\\Request))
#20 C:\\wamp64\\www\\laravel\\aula01\\vendor\\laravel\\framework\\src\\Illuminate\\Pipeline\\Pipeline.php(180): Illuminate\\Cookie\\Middleware\\EncryptCookies->handle(Object(Illuminate\\Http\\Request), Object(Closure))
#21 C:\\wamp64\\www\\laravel\\aula01\\vendor\\laravel\\framework\\src\\Illuminate\\Pipeline\\Pipeline.php(116): Illuminate\\Pipeline\\Pipeline->Illuminate\\Pipeline\\{closure}(Object(Illuminate\\Http\\Request))
#22 C:\\wamp64\\www\\laravel\\aula01\\vendor\\laravel\\framework\\src\\Illuminate\\Routing\\Router.php(798): Illuminate\\Pipeline\\Pipeline->then(Object(Closure))
#23 C:\\wamp64\\www\\laravel\\aula01\\vendor\\laravel\\framework\\src\\Illuminate\\Routing\\Router.php(777): Illuminate\\Routing\\Router->runRouteWithinStack(Object(Illuminate\\Routing\\Route), Object(Illuminate\\Http\\Request))
#24 C:\\wamp64\\www\\laravel\\aula01\\vendor\\laravel\\framework\\src\\Illuminate\\Routing\\Router.php(741): Illuminate\\Routing\\Router->runRoute(Object(Illuminate\\Http\\Request), Object(Illuminate\\Routing\\Route))
#25 C:\\wamp64\\www\\laravel\\aula01\\vendor\\laravel\\framework\\src\\Illuminate\\Routing\\Router.php(730): Illuminate\\Routing\\Router->dispatchToRoute(Object(Illuminate\\Http\\Request))
#26 C:\\wamp64\\www\\laravel\\aula01\\vendor\\laravel\\framework\\src\\Illuminate\\Foundation\\Http\\Kernel.php(200): Illuminate\\Routing\\Router->dispatch(Object(Illuminate\\Http\\Request))
#27 C:\\wamp64\\www\\laravel\\aula01\\vendor\\laravel\\framework\\src\\Illuminate\\Pipeline\\Pipeline.php(141): Illuminate\\Foundation\\Http\\Kernel->Illuminate\\Foundation\\Http\\{closure}(Object(Illuminate\\Http\\Request))
#28 C:\\wamp64\\www\\laravel\\aula01\\vendor\\laravel\\framework\\src\\Illuminate\\Foundation\\Http\\Middleware\\TransformsRequest.php(21): Illuminate\\Pipeline\\Pipeline->Illuminate\\Pipeline\\{closure}(Object(Illuminate\\Http\\Request))
#29 C:\\wamp64\\www\\laravel\\aula01\\vendor\\laravel\\framework\\src\\Illuminate\\Foundation\\Http\\Middleware\\ConvertEmptyStringsToNull.php(31): Illuminate\\Foundation\\Http\\Middleware\\TransformsRequest->handle(Object(Illuminate\\Http\\Request), Object(Closure))
#30 C:\\wamp64\\www\\laravel\\aula01\\vendor\\laravel\\framework\\src\\Illuminate\\Pipeline\\Pipeline.php(180): Illuminate\\Foundation\\Http\\Middleware\\ConvertEmptyStringsToNull->handle(Object(Illuminate\\Http\\Request), Object(Closure))
#31 C:\\wamp64\\www\\laravel\\aula01\\vendor\\laravel\\framework\\src\\Illuminate\\Foundation\\Http\\Middleware\\TransformsRequest.php(21): Illuminate\\Pipeline\\Pipeline->Illuminate\\Pipeline\\{closure}(Object(Illuminate\\Http\\Request))
#32 C:\\wamp64\\www\\laravel\\aula01\\vendor\\laravel\\framework\\src\\Illuminate\\Foundation\\Http\\Middleware\\TrimStrings.php(40): Illuminate\\Foundation\\Http\\Middleware\\TransformsRequest->handle(Object(Illuminate\\Http\\Request), Object(Closure))
#33 C:\\wamp64\\www\\laravel\\aula01\\vendor\\laravel\\framework\\src\\Illuminate\\Pipeline\\Pipeline.php(180): Illuminate\\Foundation\\Http\\Middleware\\TrimStrings->handle(Object(Illuminate\\Http\\Request), Object(Closure))
#34 C:\\wamp64\\www\\laravel\\aula01\\vendor\\laravel\\framework\\src\\Illuminate\\Foundation\\Http\\Middleware\\ValidatePostSize.php(27): Illuminate\\Pipeline\\Pipeline->Illuminate\\Pipeline\\{closure}(Object(Illuminate\\Http\\Request))
#35 C:\\wamp64\\www\\laravel\\aula01\\vendor\\laravel\\framework\\src\\Illuminate\\Pipeline\\Pipeline.php(180): Illuminate\\Foundation\\Http\\Middleware\\ValidatePostSize->handle(Object(Illuminate\\Http\\Request), Object(Closure))
#36 C:\\wamp64\\www\\laravel\\aula01\\vendor\\laravel\\framework\\src\\Illuminate\\Foundation\\Http\\Middleware\\PreventRequestsDuringMaintenance.php(99): Illuminate\\Pipeline\\Pipeline->Illuminate\\Pipeline\\{closure}(Object(Illuminate\\Http\\Request))
#37 C:\\wamp64\\www\\laravel\\aula01\\vendor\\laravel\\framework\\src\\Illuminate\\Pipeline\\Pipeline.php(180): Illuminate\\Foundation\\Http\\Middleware\\PreventRequestsDuringMaintenance->handle(Object(Illuminate\\Http\\Request), Object(Closure))
#38 C:\\wamp64\\www\\laravel\\aula01\\vendor\\laravel\\framework\\src\\Illuminate\\Http\\Middleware\\HandleCors.php(49): Illuminate\\Pipeline\\Pipeline->Illuminate\\Pipeline\\{closure}(Object(Illuminate\\Http\\Request))
#39 C:\\wamp64\\www\\laravel\\aula01\\vendor\\laravel\\framework\\src\\Illuminate\\Pipeline\\Pipeline.php(180): Illuminate\\Http\\Middleware\\HandleCors->handle(Object(Illuminate\\Http\\Request), Object(Closure))
#40 C:\\wamp64\\www\\laravel\\aula01\\vendor\\laravel\\framework\\src\\Illuminate\\Http\\Middleware\\TrustProxies.php(39): Illuminate\\Pipeline\\Pipeline->Illuminate\\Pipeline\\{closure}(Object(Illuminate\\Http\\Request))
#41 C:\\wamp64\\www\\laravel\\aula01\\vendor\\laravel\\framework\\src\\Illuminate\\Pipeline\\Pipeline.php(180): Illuminate\\Http\\Middleware\\TrustProxies->handle(Object(Illuminate\\Http\\Request), Object(Closure))
#42 C:\\wamp64\\www\\laravel\\aula01\\vendor\\laravel\\framework\\src\\Illuminate\\Pipeline\\Pipeline.php(116): Illuminate\\Pipeline\\Pipeline->Illuminate\\Pipeline\\{closure}(Object(Illuminate\\Http\\Request))
#43 C:\\wamp64\\www\\laravel\\aula01\\vendor\\laravel\\framework\\src\\Illuminate\\Foundation\\Http\\Kernel.php(175): Illuminate\\Pipeline\\Pipeline->then(Object(Closure))
#44 C:\\wamp64\\www\\laravel\\aula01\\vendor\\laravel\\framework\\src\\Illuminate\\Foundation\\Http\\Kernel.php(144): Illuminate\\Foundation\\Http\\Kernel->sendRequestThroughRouter(Object(Illuminate\\Http\\Request))
#45 C:\\wamp64\\www\\laravel\\aula01\\public\\index.php(51): Illuminate\\Foundation\\Http\\Kernel->handle(Object(Illuminate\\Http\\Request))
#46 C:\\wamp64\\www\\laravel\\aula01\\vendor\\laravel\\framework\\src\\Illuminate\\Foundation\\resources\\server.php(16): require_once('C:\\\\wamp64\\\\www\\\\l...')
#47 {main}
"} 
[2024-02-29 10:47:13] local.INFO: Listar tipos de usuários {"action_user_id":1} 
[2024-02-29 10:47:16] local.WARNING: Super Admin não pode ser excluído {"papel_id":1,"action_user_id":1} 
[2024-02-29 10:47:16] local.INFO: Listar tipos de usuários {"action_user_id":1} 
[2024-02-29 10:56:23] local.INFO: Usuário Cadastrado com sucesso. [{"App\\Models\\User":{"name":"sub aluno","email":"subaluno@gmail.com","updated_at":"2024-02-29T13:56:21.000000Z","created_at":"2024-02-29T13:56:21.000000Z","id":6}}] 
[2024-02-29 10:56:29] local.INFO: Listar tipos de usuários {"action_user_id":1} 
[2024-02-29 11:07:26] local.INFO: Listar tipos de usuários {"action_user_id":1} 
[2024-02-29 11:07:29] local.WARNING: Tipo de usuário não pode ser excluído porque existe usuários com esses tipo. {"papel_id":6,"action_user_id":1} 
[2024-02-29 11:07:29] local.INFO: Listar tipos de usuários {"action_user_id":1} 
[2024-02-29 11:10:17] local.INFO: Listar tipos de usuários {"action_user_id":1} 
[2024-02-29 11:10:26] local.INFO: Tipo de Usuário Cadastrado com sucesso. [{"Spatie\\Permission\\Models\\Role":{"guard_name":"web","name":"finan","updated_at":"2024-02-29T14:10:26.000000Z","created_at":"2024-02-29T14:10:26.000000Z","id":7}}] 
[2024-02-29 11:10:29] local.INFO: Listar tipos de usuários {"action_user_id":1} 
[2024-02-29 11:16:58] local.INFO: Tipo de usuário excluído com sucesso. {"id":7,"action_user_id":1} 
[2024-02-29 11:16:58] local.INFO: Listar tipos de usuários {"action_user_id":1} 
